<?xml version="1.0" encoding="UTF-8"?>
<testng-results ignored="0" total="1" passed="1" failed="0" skipped="0">
  <reporter-output>
  </reporter-output>
  <suite started-at="2024-04-04T22:14:13 IST" name="Suite" finished-at="2024-04-04T22:14:13 IST" duration-ms="80">
    <groups>
    </groups>
    <test started-at="2024-04-04T22:14:13 IST" name="Test" finished-at="2024-04-04T22:14:13 IST" duration-ms="80">
      <class name="zSampleTest_1.Test">
        <test-method signature="m1()[pri:0, instance:zSampleTest_1.Test@7bab3f1a]" started-at="2024-04-04T22:14:13 IST" name="m1" finished-at="2024-04-04T22:14:13 IST" duration-ms="14" status="PASS">
          <reporter-output>
          </reporter-output>
        </test-method> <!-- m1 -->
      </class> <!-- zSampleTest_1.Test -->
    </test> <!-- Test -->
  </suite> <!-- Suite -->
</testng-results>
